<?xml version="1.0" encoding="UTF-8" standalone="yes"?><!DOCTYPE report PUBLIC "-//JACOCO//DTD Report 1.1//EN" "report.dtd"><report name="CRUDSQLiteJava"><sessioninfo id="alpha-2a1d5d43" start="1574671054186" dump="1574671057681"/><package name="com/cazucito/pocs/sqlitejava/m"><class name="com/cazucito/pocs/sqlitejava/m/BookSvc" sourcefilename="BookSvc.java"><method name="&lt;init&gt;" desc="()V" line="8"><counter type="INSTRUCTION" missed="0" covered="3"/><counter type="LINE" missed="0" covered="1"/><counter type="COMPLEXITY" missed="0" covered="1"/><counter type="METHOD" missed="0" covered="1"/></method><method name="getAllBooks" desc="()Ljava/util/List;" line="11"><counter type="INSTRUCTION" missed="0" covered="5"/><counter type="LINE" missed="0" covered="1"/><counter type="COMPLEXITY" missed="0" covered="1"/><counter type="METHOD" missed="0" covered="1"/></method><counter type="INSTRUCTION" missed="0" covered="8"/><counter type="LINE" missed="0" covered="2"/><counter type="COMPLEXITY" missed="0" covered="2"/><counter type="METHOD" missed="0" covered="2"/><counter type="CLASS" missed="0" covered="1"/></class><sourcefile name="BookSvc.java"><line nr="8" mi="0" ci="3" mb="0" cb="0"/><line nr="11" mi="0" ci="5" mb="0" cb="0"/><counter type="INSTRUCTION" missed="0" covered="8"/><counter type="LINE" missed="0" covered="2"/><counter type="COMPLEXITY" missed="0" covered="2"/><counter type="METHOD" missed="0" covered="2"/><counter type="CLASS" missed="0" covered="1"/></sourcefile><counter type="INSTRUCTION" missed="0" covered="8"/><counter type="LINE" missed="0" covered="2"/><counter type="COMPLEXITY" missed="0" covered="2"/><counter type="METHOD" missed="0" covered="2"/><counter type="CLASS" missed="0" covered="1"/></package><package name="com/cazucito/pocs/sqlitejava/m/data"><class name="com/cazucito/pocs/sqlitejava/m/data/BookDAO" sourcefilename="BookDAO.java"><method name="&lt;init&gt;" desc="()V" line="13"><counter type="INSTRUCTION" missed="0" covered="3"/><counter type="LINE" missed="0" covered="1"/><counter type="COMPLEXITY" missed="0" covered="1"/><counter type="METHOD" missed="0" covered="1"/></method><method name="create" desc="(Lcom/cazucito/pocs/sqlitejava/m/data/Book;)Z" line="23"><counter type="INSTRUCTION" missed="0" covered="48"/><counter type="BRANCH" missed="2" covered="2"/><counter type="LINE" missed="0" covered="14"/><counter type="COMPLEXITY" missed="2" covered="1"/><counter type="METHOD" missed="0" covered="1"/></method><method name="retrieveAll" desc="()Ljava/util/List;" line="48"><counter type="INSTRUCTION" missed="8" covered="43"/><counter type="BRANCH" missed="1" covered="3"/><counter type="LINE" missed="2" covered="10"/><counter type="COMPLEXITY" missed="1" covered="2"/><counter type="METHOD" missed="0" covered="1"/></method><method name="retrieveById" desc="(I)Ljava/util/Optional;" line="72"><counter type="INSTRUCTION" missed="16" covered="50"/><counter type="BRANCH" missed="2" covered="4"/><counter type="LINE" missed="4" covered="14"/><counter type="COMPLEXITY" missed="2" covered="2"/><counter type="METHOD" missed="0" covered="1"/></method><method name="update" desc="(Lcom/cazucito/pocs/sqlitejava/m/data/Book;)Z" line="106"><counter type="INSTRUCTION" missed="8" covered="40"/><counter type="BRANCH" missed="1" covered="3"/><counter type="LINE" missed="2" covered="12"/><counter type="COMPLEXITY" missed="1" covered="2"/><counter type="METHOD" missed="0" covered="1"/></method><method name="deleteById" desc="(I)Z" line="132"><counter type="INSTRUCTION" missed="8" covered="29"/><counter type="BRANCH" missed="1" covered="3"/><counter type="LINE" missed="2" covered="10"/><counter type="COMPLEXITY" missed="1" covered="2"/><counter type="METHOD" missed="0" covered="1"/></method><method name="delete" desc="(Lcom/cazucito/pocs/sqlitejava/m/data/Book;)Z" line="156"><counter type="INSTRUCTION" missed="0" covered="5"/><counter type="LINE" missed="0" covered="1"/><counter type="COMPLEXITY" missed="0" covered="1"/><counter type="METHOD" missed="0" covered="1"/></method><counter type="INSTRUCTION" missed="40" covered="218"/><counter type="BRANCH" missed="7" covered="15"/><counter type="LINE" missed="10" covered="62"/><counter type="COMPLEXITY" missed="7" covered="11"/><counter type="METHOD" missed="0" covered="7"/><counter type="CLASS" missed="0" covered="1"/></class><class name="com/cazucito/pocs/sqlitejava/m/data/Book" sourcefilename="Book.java"><method name="&lt;init&gt;" desc="(ILjava/lang/String;Ljava/lang/String;)V" line="27"><counter type="INSTRUCTION" missed="0" covered="12"/><counter type="LINE" missed="0" covered="5"/><counter type="COMPLEXITY" missed="0" covered="1"/><counter type="METHOD" missed="0" covered="1"/></method><method name="getIdBook" desc="()I" line="37"><counter type="INSTRUCTION" missed="0" covered="3"/><counter type="LINE" missed="0" covered="1"/><counter type="COMPLEXITY" missed="0" covered="1"/><counter type="METHOD" missed="0" covered="1"/></method><method name="getTitle" desc="()Ljava/lang/String;" line="44"><counter type="INSTRUCTION" missed="0" covered="3"/><counter type="LINE" missed="0" covered="1"/><counter type="COMPLEXITY" missed="0" covered="1"/><counter type="METHOD" missed="0" covered="1"/></method><method name="setTitle" desc="(Ljava/lang/String;)V" line="51"><counter type="INSTRUCTION" missed="0" covered="4"/><counter type="LINE" missed="0" covered="2"/><counter type="COMPLEXITY" missed="0" covered="1"/><counter type="METHOD" missed="0" covered="1"/></method><method name="getAuthor" desc="()Ljava/lang/String;" line="58"><counter type="INSTRUCTION" missed="0" covered="3"/><counter type="LINE" missed="0" covered="1"/><counter type="COMPLEXITY" missed="0" covered="1"/><counter type="METHOD" missed="0" covered="1"/></method><method name="setAuthor" desc="(Ljava/lang/String;)V" line="65"><counter type="INSTRUCTION" missed="0" covered="4"/><counter type="LINE" missed="0" covered="2"/><counter type="COMPLEXITY" missed="0" covered="1"/><counter type="METHOD" missed="0" covered="1"/></method><method name="toString" desc="()Ljava/lang/String;" line="75"><counter type="INSTRUCTION" missed="0" covered="49"/><counter type="LINE" missed="0" covered="8"/><counter type="COMPLEXITY" missed="0" covered="1"/><counter type="METHOD" missed="0" covered="1"/></method><method name="toDefaultOutput" desc="()V" line="89"><counter type="INSTRUCTION" missed="0" covered="8"/><counter type="LINE" missed="0" covered="2"/><counter type="COMPLEXITY" missed="0" covered="1"/><counter type="METHOD" missed="0" covered="1"/></method><method name="equals" desc="(Ljava/lang/Object;)Z" line="100"><counter type="INSTRUCTION" missed="0" covered="29"/><counter type="BRANCH" missed="4" covered="4"/><counter type="LINE" missed="0" covered="8"/><counter type="COMPLEXITY" missed="4" covered="1"/><counter type="METHOD" missed="0" covered="1"/></method><method name="hashCode" desc="()I" line="119"><counter type="INSTRUCTION" missed="0" covered="11"/><counter type="LINE" missed="0" covered="1"/><counter type="COMPLEXITY" missed="0" covered="1"/><counter type="METHOD" missed="0" covered="1"/></method><counter type="INSTRUCTION" missed="0" covered="126"/><counter type="BRANCH" missed="4" covered="4"/><counter type="LINE" missed="0" covered="31"/><counter type="COMPLEXITY" missed="4" covered="10"/><counter type="METHOD" missed="0" covered="10"/><counter type="CLASS" missed="0" covered="1"/></class><class name="com/cazucito/pocs/sqlitejava/m/data/HandlerDB" sourcefilename="HandlerDB.java"><method name="getInstance" desc="()Lcom/cazucito/pocs/sqlitejava/m/data/HandlerDB;" line="24"><counter type="INSTRUCTION" missed="0" covered="2"/><counter type="LINE" missed="0" covered="1"/><counter type="COMPLEXITY" missed="0" covered="1"/><counter type="METHOD" missed="0" covered="1"/></method><method name="getCxn" desc="()Ljava/util/Optional;" line="31"><counter type="INSTRUCTION" missed="8" covered="9"/><counter type="LINE" missed="2" covered="4"/><counter type="COMPLEXITY" missed="0" covered="1"/><counter type="METHOD" missed="0" covered="1"/></method><method name="&lt;clinit&gt;" desc="()V" line="15"><counter type="INSTRUCTION" missed="0" covered="5"/><counter type="LINE" missed="0" covered="1"/><counter type="COMPLEXITY" missed="0" covered="1"/><counter type="METHOD" missed="0" covered="1"/></method><counter type="INSTRUCTION" missed="8" covered="16"/><counter type="LINE" missed="2" covered="6"/><counter type="COMPLEXITY" missed="0" covered="3"/><counter type="METHOD" missed="0" covered="3"/><counter type="CLASS" missed="0" covered="1"/></class><sourcefile name="HandlerDB.java"><line nr="15" mi="0" ci="5" mb="0" cb="0"/><line nr="24" mi="0" ci="2" mb="0" cb="0"/><line nr="31" mi="0" ci="2" mb="0" cb="0"/><line nr="33" mi="0" ci="4" mb="0" cb="0"/><line nr="34" mi="1" ci="0" mb="0" cb="0"/><line nr="35" mi="7" ci="0" mb="0" cb="0"/><line nr="36" mi="0" ci="1" mb="0" cb="0"/><line nr="37" mi="0" ci="2" mb="0" cb="0"/><counter type="INSTRUCTION" missed="8" covered="16"/><counter type="LINE" missed="2" covered="6"/><counter type="COMPLEXITY" missed="0" covered="3"/><counter type="METHOD" missed="0" covered="3"/><counter type="CLASS" missed="0" covered="1"/></sourcefile><sourcefile name="Book.java"><line nr="27" mi="0" ci="2" mb="0" cb="0"/><line nr="28" mi="0" ci="3" mb="0" cb="0"/><line nr="29" mi="0" ci="3" mb="0" cb="0"/><line nr="30" mi="0" ci="3" mb="0" cb="0"/><line nr="31" mi="0" ci="1" mb="0" cb="0"/><line nr="37" mi="0" ci="3" mb="0" cb="0"/><line nr="44" mi="0" ci="3" mb="0" cb="0"/><line nr="51" mi="0" ci="3" mb="0" cb="0"/><line nr="52" mi="0" ci="1" mb="0" cb="0"/><line nr="58" mi="0" ci="3" mb="0" cb="0"/><line nr="65" mi="0" ci="3" mb="0" cb="0"/><line nr="66" mi="0" ci="1" mb="0" cb="0"/><line nr="75" mi="0" ci="4" mb="0" cb="0"/><line nr="76" mi="0" ci="4" mb="0" cb="0"/><line nr="77" mi="0" ci="9" mb="0" cb="0"/><line nr="78" mi="0" ci="9" mb="0" cb="0"/><line nr="79" mi="0" ci="9" mb="0" cb="0"/><line nr="80" mi="0" ci="7" mb="0" cb="0"/><line nr="81" mi="0" ci="4" mb="0" cb="0"/><line nr="82" mi="0" ci="3" mb="0" cb="0"/><line nr="89" mi="0" ci="7" mb="0" cb="0"/><line nr="90" mi="0" ci="1" mb="0" cb="0"/><line nr="100" mi="0" ci="2" mb="0" cb="0"/><line nr="101" mi="0" ci="3" mb="1" cb="1"/><line nr="102" mi="0" ci="3" mb="0" cb="0"/><line nr="103" mi="0" ci="9" mb="1" cb="1"/><line nr="104" mi="0" ci="6" mb="1" cb="1"/><line nr="105" mi="0" ci="2" mb="1" cb="1"/><line nr="106" mi="0" ci="2" mb="0" cb="0"/><line nr="109" mi="0" ci="2" mb="0" cb="0"/><line nr="119" mi="0" ci="11" mb="0" cb="0"/><counter type="INSTRUCTION" missed="0" covered="126"/><counter type="BRANCH" missed="4" covered="4"/><counter type="LINE" missed="0" covered="31"/><counter type="COMPLEXITY" missed="4" covered="10"/><counter type="METHOD" missed="0" covered="10"/><counter type="CLASS" missed="0" covered="1"/></sourcefile><sourcefile name="BookDAO.java"><line nr="13" mi="0" ci="3" mb="0" cb="0"/><line nr="23" mi="0" ci="2" mb="0" cb="0"/><line nr="24" mi="0" ci="3" mb="0" cb="0"/><line nr="25" mi="0" ci="3" mb="1" cb="1"/><line nr="26" mi="0" ci="4" mb="0" cb="0"/><line nr="27" mi="0" ci="4" mb="0" cb="0"/><line nr="28" mi="0" ci="5" mb="0" cb="0"/><line nr="29" mi="0" ci="5" mb="0" cb="0"/><line nr="30" mi="0" ci="5" mb="0" cb="0"/><line nr="31" mi="0" ci="4" mb="1" cb="1"/><line nr="32" mi="0" ci="2" mb="0" cb="0"/><line nr="34" mi="0" ci="1" mb="0" cb="0"/><line nr="35" mi="0" ci="7" mb="0" cb="0"/><line nr="36" mi="0" ci="1" mb="0" cb="0"/><line nr="38" mi="0" ci="2" mb="0" cb="0"/><line nr="48" mi="0" ci="4" mb="0" cb="0"/><line nr="49" mi="0" ci="3" mb="0" cb="0"/><line nr="50" mi="0" ci="3" mb="1" cb="1"/><line nr="51" mi="0" ci="4" mb="0" cb="0"/><line nr="52" mi="0" ci="4" mb="0" cb="0"/><line nr="53" mi="0" ci="3" mb="0" cb="0"/><line nr="54" mi="0" ci="3" mb="0" cb="2"/><line nr="55" mi="0" ci="16" mb="0" cb="0"/><line nr="57" mi="1" ci="0" mb="0" cb="0"/><line nr="58" mi="7" ci="0" mb="0" cb="0"/><line nr="59" mi="0" ci="1" mb="0" cb="0"/><line nr="61" mi="0" ci="2" mb="0" cb="0"/><line nr="72" mi="0" ci="2" mb="0" cb="0"/><line nr="73" mi="0" ci="3" mb="0" cb="0"/><line nr="74" mi="0" ci="3" mb="1" cb="1"/><line nr="75" mi="0" ci="2" mb="0" cb="0"/><line nr="76" mi="0" ci="4" mb="0" cb="0"/><line nr="77" mi="0" ci="4" mb="0" cb="0"/><line nr="78" mi="0" ci="4" mb="0" cb="0"/><line nr="79" mi="0" ci="3" mb="0" cb="0"/><line nr="80" mi="0" ci="3" mb="0" cb="2"/><line nr="81" mi="0" ci="15" mb="0" cb="0"/><line nr="83" mi="1" ci="0" mb="0" cb="0"/><line nr="84" mi="7" ci="0" mb="0" cb="0"/><line nr="86" mi="0" ci="2" mb="1" cb="1"/><line nr="88" mi="0" ci="2" mb="0" cb="0"/><line nr="89" mi="1" ci="0" mb="0" cb="0"/><line nr="90" mi="7" ci="0" mb="0" cb="0"/><line nr="91" mi="0" ci="1" mb="0" cb="0"/><line nr="95" mi="0" ci="2" mb="0" cb="0"/><line nr="106" mi="0" ci="2" mb="0" cb="0"/><line nr="107" mi="0" ci="3" mb="0" cb="0"/><line nr="108" mi="0" ci="3" mb="1" cb="1"/><line nr="109" mi="0" ci="4" mb="0" cb="0"/><line nr="110" mi="0" ci="4" mb="0" cb="0"/><line nr="111" mi="0" ci="5" mb="0" cb="0"/><line nr="112" mi="0" ci="5" mb="0" cb="0"/><line nr="113" mi="0" ci="5" mb="0" cb="0"/><line nr="114" mi="0" ci="4" mb="0" cb="2"/><line nr="115" mi="0" ci="2" mb="0" cb="0"/><line nr="117" mi="1" ci="0" mb="0" cb="0"/><line nr="118" mi="7" ci="0" mb="0" cb="0"/><line nr="119" mi="0" ci="1" mb="0" cb="0"/><line nr="121" mi="0" ci="2" mb="0" cb="0"/><line nr="132" mi="0" ci="2" mb="0" cb="0"/><line nr="133" mi="0" ci="3" mb="0" cb="0"/><line nr="134" mi="0" ci="3" mb="1" cb="1"/><line nr="135" mi="0" ci="4" mb="0" cb="0"/><line nr="136" mi="0" ci="4" mb="0" cb="0"/><line nr="137" mi="0" ci="4" mb="0" cb="0"/><line nr="138" mi="0" ci="4" mb="0" cb="2"/><line nr="139" mi="0" ci="2" mb="0" cb="0"/><line nr="141" mi="1" ci="0" mb="0" cb="0"/><line nr="142" mi="7" ci="0" mb="0" cb="0"/><line nr="143" mi="0" ci="1" mb="0" cb="0"/><line nr="145" mi="0" ci="2" mb="0" cb="0"/><line nr="156" mi="0" ci="5" mb="0" cb="0"/><counter type="INSTRUCTION" missed="40" covered="218"/><counter type="BRANCH" missed="7" covered="15"/><counter type="LINE" missed="10" covered="62"/><counter type="COMPLEXITY" missed="7" covered="11"/><counter type="METHOD" missed="0" covered="7"/><counter type="CLASS" missed="0" covered="1"/></sourcefile><counter type="INSTRUCTION" missed="48" covered="360"/><counter type="BRANCH" missed="11" covered="19"/><counter type="LINE" missed="12" covered="99"/><counter type="COMPLEXITY" missed="11" covered="24"/><counter type="METHOD" missed="0" covered="20"/><counter type="CLASS" missed="0" covered="3"/></package><package name="com/cazucito/pocs/sqlitejava"><class name="com/cazucito/pocs/sqlitejava/CrudApp" sourcefilename="CrudApp.java"><method name="&lt;init&gt;" desc="()V" line="6"><counter type="INSTRUCTION" missed="0" covered="3"/><counter type="LINE" missed="0" covered="1"/><counter type="COMPLEXITY" missed="0" covered="1"/><counter type="METHOD" missed="0" covered="1"/></method><method name="main" desc="([Ljava/lang/String;)V" line="8"><counter type="INSTRUCTION" missed="0" covered="9"/><counter type="LINE" missed="0" covered="3"/><counter type="COMPLEXITY" missed="0" covered="1"/><counter type="METHOD" missed="0" covered="1"/></method><counter type="INSTRUCTION" missed="0" covered="12"/><counter type="LINE" missed="0" covered="4"/><counter type="COMPLEXITY" missed="0" covered="2"/><counter type="METHOD" missed="0" covered="2"/><counter type="CLASS" missed="0" covered="1"/></class><sourcefile name="CrudApp.java"><line nr="6" mi="0" ci="3" mb="0" cb="0"/><line nr="8" mi="0" ci="4" mb="0" cb="0"/><line nr="9" mi="0" ci="4" mb="0" cb="0"/><line nr="10" mi="0" ci="1" mb="0" cb="0"/><counter type="INSTRUCTION" missed="0" covered="12"/><counter type="LINE" missed="0" covered="4"/><counter type="COMPLEXITY" missed="0" covered="2"/><counter type="METHOD" missed="0" covered="2"/><counter type="CLASS" missed="0" covered="1"/></sourcefile><counter type="INSTRUCTION" missed="0" covered="12"/><counter type="LINE" missed="0" covered="4"/><counter type="COMPLEXITY" missed="0" covered="2"/><counter type="METHOD" missed="0" covered="2"/><counter type="CLASS" missed="0" covered="1"/></package><counter type="INSTRUCTION" missed="48" covered="380"/><counter type="BRANCH" missed="11" covered="19"/><counter type="LINE" missed="12" covered="105"/><counter type="COMPLEXITY" missed="11" covered="28"/><counter type="METHOD" missed="0" covered="24"/><counter type="CLASS" missed="0" covered="5"/></report>